build/app/intermediates/manifest_merge_blame_file/release/manifest-merger-blame-release-report.txt
1<?xml version="1.0" encoding="utf-8"?>
2<manifest xmlns:android="http://schemas.android.com/apk/res/android"
3    package="com.imatthio.allergic_app"
4    android:versionCode="5"
5    android:versionName="1.0.4" >
6
7    <uses-sdk
8        android:minSdkVersion="21"
8-->src/main/AndroidManifest.xml
9        android:targetSdkVersion="33" />
9-->src/main/AndroidManifest.xml
10
11    <uses-permission android:name="android.permission.INTERNET" />
11-->src/main/AndroidManifest.xml:4:5-67
11-->src/main/AndroidManifest.xml:4:22-64
12    <uses-permission android:name="android.permission.ACCESS_WIFI_STATE" />
12-->src/main/AndroidManifest.xml:5:5-76
12-->src/main/AndroidManifest.xml:5:22-73
13    <uses-permission android:name="android.permission.ACCESS_NETWORK_STATE" />
13-->src/main/AndroidManifest.xml:6:5-79
13-->src/main/AndroidManifest.xml:6:22-76
14
15    <queries>
15-->src/main/AndroidManifest.xml:46:5-56:15
16        <intent>
16-->src/main/AndroidManifest.xml:47:9-50:18
17            <action android:name="android.intent.action.VIEW" />
17-->src/main/AndroidManifest.xml:48:13-65
17-->src/main/AndroidManifest.xml:48:21-62
18
19            <data android:scheme="sms" />
19-->src/main/AndroidManifest.xml:49:13-42
19-->src/main/AndroidManifest.xml:49:19-39
20        </intent>
21        <!-- If your app checks for call support -->
22        <intent>
22-->src/main/AndroidManifest.xml:52:9-55:18
23            <action android:name="android.intent.action.VIEW" />
23-->src/main/AndroidManifest.xml:48:13-65
23-->src/main/AndroidManifest.xml:48:21-62
24
25            <data android:scheme="tel" />
25-->src/main/AndroidManifest.xml:49:13-42
25-->src/main/AndroidManifest.xml:49:19-39
26        </intent>
27
28        <package android:name="com.facebook.katana" />
28-->[com.facebook.android:facebook-common:15.0.2] AndroidManifest.xml:30:9-55
28-->[com.facebook.android:facebook-common:15.0.2] AndroidManifest.xml:30:18-52
29    </queries>
30
31    <uses-permission android:name="android.permission.WAKE_LOCK" /> <!-- Permissions options for the `notification` group -->
31-->[:firebase_messaging] AndroidManifest.xml:10:5-68
31-->[:firebase_messaging] AndroidManifest.xml:10:22-65
32    <uses-permission android:name="android.permission.POST_NOTIFICATIONS" />
32-->[:firebase_messaging] AndroidManifest.xml:13:5-77
32-->[:firebase_messaging] AndroidManifest.xml:13:22-74
33    <uses-permission android:name="android.permission.RECEIVE_BOOT_COMPLETED" />
33-->[:flutter_local_notifications] AndroidManifest.xml:9:5-81
33-->[:flutter_local_notifications] AndroidManifest.xml:9:22-78
34    <uses-permission android:name="android.permission.VIBRATE" />
34-->[:flutter_local_notifications] AndroidManifest.xml:10:5-66
34-->[:flutter_local_notifications] AndroidManifest.xml:10:22-63
35    <uses-permission android:name="android.permission.USE_FULL_SCREEN_INTENT" />
35-->[:flutter_local_notifications] AndroidManifest.xml:11:5-81
35-->[:flutter_local_notifications] AndroidManifest.xml:11:22-78
36    <uses-permission android:name="android.permission.SCHEDULE_EXACT_ALARM" /> <!-- Required by older versions of Google Play services to create IID tokens -->
36-->[:flutter_local_notifications] AndroidManifest.xml:12:5-79
36-->[:flutter_local_notifications] AndroidManifest.xml:12:22-76
37    <uses-permission android:name="com.google.android.c2dm.permission.RECEIVE" />
37-->[com.google.firebase:firebase-iid:21.1.0] AndroidManifest.xml:26:5-82
37-->[com.google.firebase:firebase-iid:21.1.0] AndroidManifest.xml:26:22-79
38    <uses-permission android:name="com.google.android.gms.permission.AD_ID" />
38-->[com.google.android.gms:play-services-measurement-api:21.2.0] AndroidManifest.xml:25:5-79
38-->[com.google.android.gms:play-services-measurement-api:21.2.0] AndroidManifest.xml:25:22-76
39    <uses-permission android:name="com.google.android.finsky.permission.BIND_GET_INSTALL_REFERRER_SERVICE" />
39-->[com.google.android.gms:play-services-measurement:21.2.0] AndroidManifest.xml:26:5-110
39-->[com.google.android.gms:play-services-measurement:21.2.0] AndroidManifest.xml:26:22-107
40
41    <application
42        android:name="android.app.Application"
42-->src/main/AndroidManifest.xml:10:9-42
43        android:appComponentFactory="androidx.core.app.CoreComponentFactory"
43-->[androidx.core:core:1.8.0] AndroidManifest.xml:24:18-86
44        android:icon="@mipmap/ic_launcher"
44-->src/main/AndroidManifest.xml:11:9-43
45        android:label="ภูมิแพ้แต่เราไม่แพ้"
45-->src/main/AndroidManifest.xml:9:9-44
46        android:supportsRtl="true" >
46-->[com.facebook.android:facebook-login:15.0.2] AndroidManifest.xml:28:18-44
47        <meta-data
47-->src/main/AndroidManifest.xml:13:9-107
48            android:name="com.facebook.sdk.ApplicationId"
48-->src/main/AndroidManifest.xml:13:20-65
49            android:value="@string/facebook_app_id" />
49-->src/main/AndroidManifest.xml:13:66-105
50        <meta-data
50-->src/main/AndroidManifest.xml:14:9-111
51            android:name="com.facebook.sdk.ClientToken"
51-->src/main/AndroidManifest.xml:14:20-63
52            android:value="@string/facebook_client_token" />
52-->src/main/AndroidManifest.xml:14:64-109
53
54        <activity
54-->src/main/AndroidManifest.xml:16:9-38:20
55            android:name="com.imatthio.allergic_app.MainActivity"
55-->src/main/AndroidManifest.xml:17:13-41
56            android:configChanges="orientation|keyboardHidden|keyboard|screenSize|smallestScreenSize|locale|layoutDirection|fontScale|screenLayout|density|uiMode"
56-->src/main/AndroidManifest.xml:23:13-163
57            android:exported="true"
57-->src/main/AndroidManifest.xml:20:13-36
58            android:hardwareAccelerated="true"
58-->src/main/AndroidManifest.xml:24:13-47
59            android:launchMode="singleTop"
59-->src/main/AndroidManifest.xml:21:13-43
60            android:showWhenLocked="true"
60-->src/main/AndroidManifest.xml:18:13-42
61            android:theme="@style/LaunchTheme"
61-->src/main/AndroidManifest.xml:22:13-47
62            android:turnScreenOn="true"
62-->src/main/AndroidManifest.xml:19:13-40
63            android:windowSoftInputMode="adjustResize" >
63-->src/main/AndroidManifest.xml:25:13-55
64
65            <!--
66                 Specifies an Android theme to apply to this Activity as soon as
67                 the Android process has started. This theme is visible to the user
68                 while the Flutter UI initializes. After that, this theme continues
69                 to determine the Window background behind the Flutter UI.
70            -->
71            <meta-data
71-->src/main/AndroidManifest.xml:30:13-33:17
72                android:name="io.flutter.embedding.android.NormalTheme"
72-->src/main/AndroidManifest.xml:31:15-70
73                android:resource="@style/NormalTheme" />
73-->src/main/AndroidManifest.xml:32:15-52
74
75            <intent-filter>
75-->src/main/AndroidManifest.xml:34:13-37:29
76                <action android:name="android.intent.action.MAIN" />
76-->src/main/AndroidManifest.xml:35:17-68
76-->src/main/AndroidManifest.xml:35:25-66
77
78                <category android:name="android.intent.category.LAUNCHER" />
78-->src/main/AndroidManifest.xml:36:17-76
78-->src/main/AndroidManifest.xml:36:27-74
79            </intent-filter>
80        </activity>
81        <!--
82             Don't delete the meta-data below.
83             This is used by the Flutter tool to generate GeneratedPluginRegistrant.java
84        -->
85        <meta-data
85-->src/main/AndroidManifest.xml:41:9-43:33
86            android:name="flutterEmbedding"
86-->src/main/AndroidManifest.xml:42:13-44
87            android:value="2" />
87-->src/main/AndroidManifest.xml:43:13-30
88
89        <service
89-->[:cloud_firestore] AndroidManifest.xml:10:9-14:19
90            android:name="com.google.firebase.components.ComponentDiscoveryService"
90-->[:cloud_firestore] AndroidManifest.xml:10:18-89
91            android:directBootAware="true"
91-->[com.google.firebase:firebase-common:20.3.0] AndroidManifest.xml:34:13-43
92            android:exported="false" >
92-->[com.google.firebase:firebase-analytics-ktx:21.2.0] AndroidManifest.xml:10:13-37
93            <meta-data
93-->[:cloud_firestore] AndroidManifest.xml:11:13-13:85
94                android:name="com.google.firebase.components:io.flutter.plugins.firebase.firestore.FlutterFirebaseFirestoreRegistrar"
94-->[:cloud_firestore] AndroidManifest.xml:12:17-134
95                android:value="com.google.firebase.components.ComponentRegistrar" />
95-->[:cloud_firestore] AndroidManifest.xml:13:17-82
96            <meta-data
96-->[:firebase_auth] AndroidManifest.xml:11:13-13:85
97                android:name="com.google.firebase.components:io.flutter.plugins.firebase.auth.FlutterFirebaseAuthRegistrar"
97-->[:firebase_auth] AndroidManifest.xml:12:17-124
98                android:value="com.google.firebase.components.ComponentRegistrar" />
98-->[:firebase_auth] AndroidManifest.xml:13:17-82
99            <meta-data
99-->[:firebase_storage] AndroidManifest.xml:11:13-13:85
100                android:name="com.google.firebase.components:io.flutter.plugins.firebase.storage.FlutterFirebaseAppRegistrar"
100-->[:firebase_storage] AndroidManifest.xml:12:17-126
101                android:value="com.google.firebase.components.ComponentRegistrar" />
101-->[:firebase_storage] AndroidManifest.xml:13:17-82
102            <meta-data
102-->[:firebase_messaging] AndroidManifest.xml:38:13-40:85
103                android:name="com.google.firebase.components:io.flutter.plugins.firebase.messaging.FlutterFirebaseAppRegistrar"
103-->[:firebase_messaging] AndroidManifest.xml:39:17-128
104                android:value="com.google.firebase.components.ComponentRegistrar" />
104-->[:firebase_messaging] AndroidManifest.xml:40:17-82
105            <meta-data
105-->[:firebase_core] AndroidManifest.xml:11:13-13:85
106                android:name="com.google.firebase.components:io.flutter.plugins.firebase.core.FlutterFirebaseCoreRegistrar"
106-->[:firebase_core] AndroidManifest.xml:12:17-124
107                android:value="com.google.firebase.components.ComponentRegistrar" />
107-->[:firebase_core] AndroidManifest.xml:13:17-82
108            <meta-data
108-->[com.google.firebase:firebase-analytics-ktx:21.2.0] AndroidManifest.xml:11:13-13:85
109                android:name="com.google.firebase.components:com.google.firebase.analytics.ktx.FirebaseAnalyticsKtxRegistrar"
109-->[com.google.firebase:firebase-analytics-ktx:21.2.0] AndroidManifest.xml:12:17-126
110                android:value="com.google.firebase.components.ComponentRegistrar" />
110-->[com.google.firebase:firebase-analytics-ktx:21.2.0] AndroidManifest.xml:13:17-82
111            <meta-data
111-->[com.google.firebase:firebase-common-ktx:20.3.0] AndroidManifest.xml:14:13-16:85
112                android:name="com.google.firebase.components:com.google.firebase.ktx.FirebaseCommonKtxRegistrar"
112-->[com.google.firebase:firebase-common-ktx:20.3.0] AndroidManifest.xml:15:17-113
113                android:value="com.google.firebase.components.ComponentRegistrar" />
113-->[com.google.firebase:firebase-common-ktx:20.3.0] AndroidManifest.xml:16:17-82
114            <meta-data
114-->[com.google.firebase:firebase-auth:21.1.0] AndroidManifest.xml:67:13-69:85
115                android:name="com.google.firebase.components:com.google.firebase.auth.FirebaseAuthRegistrar"
115-->[com.google.firebase:firebase-auth:21.1.0] AndroidManifest.xml:68:17-109
116                android:value="com.google.firebase.components.ComponentRegistrar" />
116-->[com.google.firebase:firebase-auth:21.1.0] AndroidManifest.xml:69:17-82
117            <meta-data
117-->[com.google.firebase:firebase-firestore:24.4.2] AndroidManifest.xml:19:13-21:85
118                android:name="com.google.firebase.components:com.google.firebase.firestore.FirestoreRegistrar"
118-->[com.google.firebase:firebase-firestore:24.4.2] AndroidManifest.xml:20:17-111
119                android:value="com.google.firebase.components.ComponentRegistrar" />
119-->[com.google.firebase:firebase-firestore:24.4.2] AndroidManifest.xml:21:17-82
120            <meta-data
120-->[com.google.firebase:firebase-storage:20.1.0] AndroidManifest.xml:32:13-34:85
121                android:name="com.google.firebase.components:com.google.firebase.storage.StorageRegistrar"
121-->[com.google.firebase:firebase-storage:20.1.0] AndroidManifest.xml:33:17-107
122                android:value="com.google.firebase.components.ComponentRegistrar" />
122-->[com.google.firebase:firebase-storage:20.1.0] AndroidManifest.xml:34:17-82
123            <meta-data
123-->[com.google.firebase:firebase-iid:21.1.0] AndroidManifest.xml:32:13-34:85
124                android:name="com.google.firebase.components:com.google.firebase.iid.Registrar"
124-->[com.google.firebase:firebase-iid:21.1.0] AndroidManifest.xml:33:17-96
125                android:value="com.google.firebase.components.ComponentRegistrar" />
125-->[com.google.firebase:firebase-iid:21.1.0] AndroidManifest.xml:34:17-82
126            <meta-data
126-->[com.google.firebase:firebase-messaging:23.1.1] AndroidManifest.xml:55:13-57:85
127                android:name="com.google.firebase.components:com.google.firebase.messaging.FirebaseMessagingRegistrar"
127-->[com.google.firebase:firebase-messaging:23.1.1] AndroidManifest.xml:56:17-119
128                android:value="com.google.firebase.components.ComponentRegistrar" />
128-->[com.google.firebase:firebase-messaging:23.1.1] AndroidManifest.xml:57:17-82
129            <meta-data
129-->[com.google.android.gms:play-services-measurement-api:21.2.0] AndroidManifest.xml:31:13-33:85
130                android:name="com.google.firebase.components:com.google.firebase.analytics.connector.internal.AnalyticsConnectorRegistrar"
130-->[com.google.android.gms:play-services-measurement-api:21.2.0] AndroidManifest.xml:32:17-139
131                android:value="com.google.firebase.components.ComponentRegistrar" />
131-->[com.google.android.gms:play-services-measurement-api:21.2.0] AndroidManifest.xml:33:17-82
132            <meta-data
132-->[com.google.firebase:firebase-installations:17.1.0] AndroidManifest.xml:17:13-19:85
133                android:name="com.google.firebase.components:com.google.firebase.installations.FirebaseInstallationsRegistrar"
133-->[com.google.firebase:firebase-installations:17.1.0] AndroidManifest.xml:18:17-127
134                android:value="com.google.firebase.components.ComponentRegistrar" />
134-->[com.google.firebase:firebase-installations:17.1.0] AndroidManifest.xml:19:17-82
135            <meta-data
135-->[com.google.firebase:firebase-datatransport:18.1.7] AndroidManifest.xml:27:13-29:85
136                android:name="com.google.firebase.components:com.google.firebase.datatransport.TransportRegistrar"
136-->[com.google.firebase:firebase-datatransport:18.1.7] AndroidManifest.xml:28:17-115
137                android:value="com.google.firebase.components.ComponentRegistrar" />
137-->[com.google.firebase:firebase-datatransport:18.1.7] AndroidManifest.xml:29:17-82
138        </service>
139        <service
139-->[:firebase_messaging] AndroidManifest.xml:16:9-19:72
140            android:name="io.flutter.plugins.firebase.messaging.FlutterFirebaseMessagingBackgroundService"
140-->[:firebase_messaging] AndroidManifest.xml:17:13-107
141            android:exported="false"
141-->[:firebase_messaging] AndroidManifest.xml:18:13-37
142            android:permission="android.permission.BIND_JOB_SERVICE" />
142-->[:firebase_messaging] AndroidManifest.xml:19:13-69
143        <service
143-->[:firebase_messaging] AndroidManifest.xml:20:9-26:19
144            android:name="io.flutter.plugins.firebase.messaging.FlutterFirebaseMessagingService"
144-->[:firebase_messaging] AndroidManifest.xml:21:13-97
145            android:exported="false" >
145-->[:firebase_messaging] AndroidManifest.xml:22:13-37
146            <intent-filter>
146-->[:firebase_messaging] AndroidManifest.xml:23:13-25:29
147                <action android:name="com.google.firebase.MESSAGING_EVENT" />
147-->[:firebase_messaging] AndroidManifest.xml:24:17-78
147-->[:firebase_messaging] AndroidManifest.xml:24:25-75
148            </intent-filter>
149        </service>
150
151        <receiver
151-->[:firebase_messaging] AndroidManifest.xml:28:9-35:20
152            android:name="io.flutter.plugins.firebase.messaging.FlutterFirebaseMessagingReceiver"
152-->[:firebase_messaging] AndroidManifest.xml:29:13-98
153            android:exported="true"
153-->[:firebase_messaging] AndroidManifest.xml:30:13-36
154            android:permission="com.google.android.c2dm.permission.SEND" >
154-->[:firebase_messaging] AndroidManifest.xml:31:13-73
155            <intent-filter>
155-->[:firebase_messaging] AndroidManifest.xml:32:13-34:29
156                <action android:name="com.google.android.c2dm.intent.RECEIVE" />
156-->[:firebase_messaging] AndroidManifest.xml:33:17-81
156-->[:firebase_messaging] AndroidManifest.xml:33:25-78
157            </intent-filter>
158        </receiver>
159
160        <provider
160-->[:firebase_messaging] AndroidManifest.xml:43:9-47:38
161            android:name="io.flutter.plugins.firebase.messaging.FlutterFirebaseMessagingInitProvider"
161-->[:firebase_messaging] AndroidManifest.xml:44:13-102
162            android:authorities="com.imatthio.allergic_app.flutterfirebasemessaginginitprovider"
162-->[:firebase_messaging] AndroidManifest.xml:45:13-88
163            android:exported="false"
163-->[:firebase_messaging] AndroidManifest.xml:46:13-37
164            android:initOrder="99" />
164-->[:firebase_messaging] AndroidManifest.xml:47:13-35
165        <provider
165-->[:image_picker_android] AndroidManifest.xml:10:9-18:20
166            android:name="io.flutter.plugins.imagepicker.ImagePickerFileProvider"
166-->[:image_picker_android] AndroidManifest.xml:11:13-82
167            android:authorities="com.imatthio.allergic_app.flutter.image_provider"
167-->[:image_picker_android] AndroidManifest.xml:12:13-74
168            android:exported="false"
168-->[:image_picker_android] AndroidManifest.xml:13:13-37
169            android:grantUriPermissions="true" >
169-->[:image_picker_android] AndroidManifest.xml:14:13-47
170            <meta-data
170-->[:image_picker_android] AndroidManifest.xml:15:13-17:75
171                android:name="android.support.FILE_PROVIDER_PATHS"
171-->[:image_picker_android] AndroidManifest.xml:16:17-67
172                android:resource="@xml/flutter_image_picker_file_paths" />
172-->[:image_picker_android] AndroidManifest.xml:17:17-72
173        </provider>
174
175        <receiver
175-->[:flutter_local_notifications] AndroidManifest.xml:16:9-18:40
176            android:name="com.dexterous.flutterlocalnotifications.ActionBroadcastReceiver"
176-->[:flutter_local_notifications] AndroidManifest.xml:17:13-91
177            android:exported="false" />
177-->[:flutter_local_notifications] AndroidManifest.xml:18:13-37
178        <receiver
178-->[:flutter_local_notifications] AndroidManifest.xml:19:9-21:40
179            android:name="com.dexterous.flutterlocalnotifications.ScheduledNotificationReceiver"
179-->[:flutter_local_notifications] AndroidManifest.xml:20:13-97
180            android:exported="false" />
180-->[:flutter_local_notifications] AndroidManifest.xml:21:13-37
181        <receiver
181-->[:flutter_local_notifications] AndroidManifest.xml:22:9-31:20
182            android:name="com.dexterous.flutterlocalnotifications.ScheduledNotificationBootReceiver"
182-->[:flutter_local_notifications] AndroidManifest.xml:23:13-101
183            android:exported="false" >
183-->[:flutter_local_notifications] AndroidManifest.xml:24:13-37
184            <intent-filter>
184-->[:flutter_local_notifications] AndroidManifest.xml:25:13-30:29
185                <action android:name="android.intent.action.BOOT_COMPLETED" />
185-->[:flutter_local_notifications] AndroidManifest.xml:26:17-79
185-->[:flutter_local_notifications] AndroidManifest.xml:26:25-76
186                <action android:name="android.intent.action.MY_PACKAGE_REPLACED" />
186-->[:flutter_local_notifications] AndroidManifest.xml:27:17-84
186-->[:flutter_local_notifications] AndroidManifest.xml:27:25-81
187                <action android:name="android.intent.action.QUICKBOOT_POWERON" />
187-->[:flutter_local_notifications] AndroidManifest.xml:28:17-82
187-->[:flutter_local_notifications] AndroidManifest.xml:28:25-79
188                <action android:name="com.htc.intent.action.QUICKBOOT_POWERON" />
188-->[:flutter_local_notifications] AndroidManifest.xml:29:17-82
188-->[:flutter_local_notifications] AndroidManifest.xml:29:25-79
189            </intent-filter>
190        </receiver>
191
192        <activity
192-->[:url_launcher_android] AndroidManifest.xml:10:9-13:74
193            android:name="io.flutter.plugins.urllauncher.WebViewActivity"
193-->[:url_launcher_android] AndroidManifest.xml:11:13-74
194            android:exported="false"
194-->[:url_launcher_android] AndroidManifest.xml:12:13-37
195            android:theme="@android:style/Theme.NoTitleBar.Fullscreen" />
195-->[:url_launcher_android] AndroidManifest.xml:13:13-71
196
197        <uses-library
197-->[androidx.window:window:1.0.0] AndroidManifest.xml:25:9-27:40
198            android:name="androidx.window.extensions"
198-->[androidx.window:window:1.0.0] AndroidManifest.xml:26:13-54
199            android:required="false" />
199-->[androidx.window:window:1.0.0] AndroidManifest.xml:27:13-37
200        <uses-library
200-->[androidx.window:window:1.0.0] AndroidManifest.xml:28:9-30:40
201            android:name="androidx.window.sidecar"
201-->[androidx.window:window:1.0.0] AndroidManifest.xml:29:13-51
202            android:required="false" />
202-->[androidx.window:window:1.0.0] AndroidManifest.xml:30:13-37
203
204        <activity
204-->[com.google.android.gms:play-services-auth:20.4.1] AndroidManifest.xml:23:9-27:75
205            android:name="com.google.android.gms.auth.api.signin.internal.SignInHubActivity"
205-->[com.google.android.gms:play-services-auth:20.4.1] AndroidManifest.xml:24:13-93
206            android:excludeFromRecents="true"
206-->[com.google.android.gms:play-services-auth:20.4.1] AndroidManifest.xml:25:13-46
207            android:exported="false"
207-->[com.google.android.gms:play-services-auth:20.4.1] AndroidManifest.xml:26:13-37
208            android:theme="@android:style/Theme.Translucent.NoTitleBar" />
208-->[com.google.android.gms:play-services-auth:20.4.1] AndroidManifest.xml:27:13-72
209        <!--
210            Service handling Google Sign-In user revocation. For apps that do not integrate with
211            Google Sign-In, this service will never be started.
212        -->
213        <service
213-->[com.google.android.gms:play-services-auth:20.4.1] AndroidManifest.xml:33:9-37:51
214            android:name="com.google.android.gms.auth.api.signin.RevocationBoundService"
214-->[com.google.android.gms:play-services-auth:20.4.1] AndroidManifest.xml:34:13-89
215            android:exported="true"
215-->[com.google.android.gms:play-services-auth:20.4.1] AndroidManifest.xml:35:13-36
216            android:permission="com.google.android.gms.auth.api.signin.permission.REVOCATION_NOTIFICATION"
216-->[com.google.android.gms:play-services-auth:20.4.1] AndroidManifest.xml:36:13-107
217            android:visibleToInstantApps="true" />
217-->[com.google.android.gms:play-services-auth:20.4.1] AndroidManifest.xml:37:13-48
218
219        <activity
219-->[com.google.firebase:firebase-auth:21.1.0] AndroidManifest.xml:27:9-44:20
220            android:name="com.google.firebase.auth.internal.GenericIdpActivity"
220-->[com.google.firebase:firebase-auth:21.1.0] AndroidManifest.xml:28:13-80
221            android:excludeFromRecents="true"
221-->[com.google.firebase:firebase-auth:21.1.0] AndroidManifest.xml:29:13-46
222            android:exported="true"
222-->[com.google.firebase:firebase-auth:21.1.0] AndroidManifest.xml:30:13-36
223            android:launchMode="singleTask"
223-->[com.google.firebase:firebase-auth:21.1.0] AndroidManifest.xml:31:13-44
224            android:theme="@android:style/Theme.Translucent.NoTitleBar" >
224-->[com.google.firebase:firebase-auth:21.1.0] AndroidManifest.xml:32:13-72
225            <intent-filter>
225-->[com.google.firebase:firebase-auth:21.1.0] AndroidManifest.xml:33:13-43:29
226                <action android:name="android.intent.action.VIEW" />
226-->src/main/AndroidManifest.xml:48:13-65
226-->src/main/AndroidManifest.xml:48:21-62
227
228                <category android:name="android.intent.category.DEFAULT" />
228-->[com.google.firebase:firebase-auth:21.1.0] AndroidManifest.xml:36:17-76
228-->[com.google.firebase:firebase-auth:21.1.0] AndroidManifest.xml:36:27-73
229                <category android:name="android.intent.category.BROWSABLE" />
229-->[com.google.firebase:firebase-auth:21.1.0] AndroidManifest.xml:37:17-78
229-->[com.google.firebase:firebase-auth:21.1.0] AndroidManifest.xml:37:27-75
230
231                <data
231-->src/main/AndroidManifest.xml:49:13-42
232                    android:host="firebase.auth"
233                    android:path="/"
234                    android:scheme="genericidp" />
234-->src/main/AndroidManifest.xml:49:19-39
235            </intent-filter>
236        </activity>
237        <activity
237-->[com.google.firebase:firebase-auth:21.1.0] AndroidManifest.xml:45:9-62:20
238            android:name="com.google.firebase.auth.internal.RecaptchaActivity"
238-->[com.google.firebase:firebase-auth:21.1.0] AndroidManifest.xml:46:13-79
239            android:excludeFromRecents="true"
239-->[com.google.firebase:firebase-auth:21.1.0] AndroidManifest.xml:47:13-46
240            android:exported="true"
240-->[com.google.firebase:firebase-auth:21.1.0] AndroidManifest.xml:48:13-36
241            android:launchMode="singleTask"
241-->[com.google.firebase:firebase-auth:21.1.0] AndroidManifest.xml:49:13-44
242            android:theme="@android:style/Theme.Translucent.NoTitleBar" >
242-->[com.google.firebase:firebase-auth:21.1.0] AndroidManifest.xml:50:13-72
243            <intent-filter>
243-->[com.google.firebase:firebase-auth:21.1.0] AndroidManifest.xml:51:13-61:29
244                <action android:name="android.intent.action.VIEW" />
244-->src/main/AndroidManifest.xml:48:13-65
244-->src/main/AndroidManifest.xml:48:21-62
245
246                <category android:name="android.intent.category.DEFAULT" />
246-->[com.google.firebase:firebase-auth:21.1.0] AndroidManifest.xml:36:17-76
246-->[com.google.firebase:firebase-auth:21.1.0] AndroidManifest.xml:36:27-73
247                <category android:name="android.intent.category.BROWSABLE" />
247-->[com.google.firebase:firebase-auth:21.1.0] AndroidManifest.xml:37:17-78
247-->[com.google.firebase:firebase-auth:21.1.0] AndroidManifest.xml:37:27-75
248
249                <data
249-->src/main/AndroidManifest.xml:49:13-42
250                    android:host="firebase.auth"
251                    android:path="/"
252                    android:scheme="recaptcha" />
252-->src/main/AndroidManifest.xml:49:19-39
253            </intent-filter>
254        </activity>
255        <activity
255-->[com.facebook.android:facebook-common:15.0.2] AndroidManifest.xml:34:9-37:66
256            android:name="com.facebook.FacebookActivity"
256-->[com.facebook.android:facebook-common:15.0.2] AndroidManifest.xml:35:13-57
257            android:configChanges="keyboard|keyboardHidden|screenLayout|screenSize|orientation"
257-->[com.facebook.android:facebook-common:15.0.2] AndroidManifest.xml:36:13-96
258            android:theme="@style/com_facebook_activity_theme" />
258-->[com.facebook.android:facebook-common:15.0.2] AndroidManifest.xml:37:13-63
259        <activity android:name="com.facebook.CustomTabMainActivity" />
259-->[com.facebook.android:facebook-common:15.0.2] AndroidManifest.xml:38:9-71
259-->[com.facebook.android:facebook-common:15.0.2] AndroidManifest.xml:38:19-68
260        <activity
260-->[com.facebook.android:facebook-common:15.0.2] AndroidManifest.xml:39:9-53:20
261            android:name="com.facebook.CustomTabActivity"
261-->[com.facebook.android:facebook-common:15.0.2] AndroidManifest.xml:40:13-58
262            android:exported="true" >
262-->[com.facebook.android:facebook-common:15.0.2] AndroidManifest.xml:41:13-36
263            <intent-filter>
263-->[com.facebook.android:facebook-common:15.0.2] AndroidManifest.xml:43:13-52:29
264                <action android:name="android.intent.action.VIEW" />
264-->src/main/AndroidManifest.xml:48:13-65
264-->src/main/AndroidManifest.xml:48:21-62
265
266                <category android:name="android.intent.category.DEFAULT" />
266-->[com.google.firebase:firebase-auth:21.1.0] AndroidManifest.xml:36:17-76
266-->[com.google.firebase:firebase-auth:21.1.0] AndroidManifest.xml:36:27-73
267                <category android:name="android.intent.category.BROWSABLE" />
267-->[com.google.firebase:firebase-auth:21.1.0] AndroidManifest.xml:37:17-78
267-->[com.google.firebase:firebase-auth:21.1.0] AndroidManifest.xml:37:27-75
268
269                <data
269-->src/main/AndroidManifest.xml:49:13-42
270                    android:host="cct.com.imatthio.allergic_app"
271                    android:scheme="fbconnect" />
271-->src/main/AndroidManifest.xml:49:19-39
272            </intent-filter>
273        </activity>
274
275        <receiver
275-->[com.google.firebase:firebase-messaging:23.1.1] AndroidManifest.xml:31:9-38:20
276            android:name="com.google.firebase.iid.FirebaseInstanceIdReceiver"
276-->[com.google.firebase:firebase-messaging:23.1.1] AndroidManifest.xml:32:13-78
277            android:exported="true"
277-->[com.google.firebase:firebase-messaging:23.1.1] AndroidManifest.xml:33:13-36
278            android:permission="com.google.android.c2dm.permission.SEND" >